------- FILE finalgame.dasm LEVEL 1 PASS 2
      1  10000 ????						;------------------------------------------------
      2  10000 ????						; Atari VCS Game
      3  10000 ????						;------------------------------------------------
      4  10000 ????				       processor	6502
------- FILE vcs.h LEVEL 2 PASS 2
      0  10000 ????				       include	vcs.h
      1  10000 ????						; VCS.H
      2  10000 ????						; Version 1.06, 06/SEP/2020
      3  10000 ????
      4  10000 ????		00 6a	    VERSION_VCS =	106
      5  10000 ????
      6  10000 ????						; THIS IS *THE* "STANDARD" VCS.H
      7  10000 ????						; THIS FILE IS EXPLICITLY SUPPORTED AS A DASM-PREFERRED COMPANION FILE
      8  10000 ????						; The latest version can be found at https://dasm-assembler.github.io/
      9  10000 ????						;
     10  10000 ????						; This file defines hardware registers and memory mapping for the
     11  10000 ????						; Atari 2600. It is distributed as a companion machine-specific support package
     12  10000 ????						; for the DASM compiler. Updates to this file, DASM, and associated tools are
     13  10000 ????						; available at at https://dasm-assembler.github.io/
     14  10000 ????						;
     15  10000 ????						; Many thanks to the people who have contributed. If you find an issue with the
     16  10000 ????						; contents, or would like ot add something, please report as an issue at...
     17  10000 ????						; https://github.com/dasm-assembler/dasm/issues
     18  10000 ????
     19  10000 ????						;
     20  10000 ????						; Latest Revisions...
     21  10000 ????						; 1.06  05/SEP/2020	 Modified header/license and links to new versions
     22  10000 ????						; 1.05  13/NOV/2003	  - Correction to 1.04 - now functions as requested by MR.
     23  10000 ????						;			  - Added VERSION_VCS equate (which will reflect 100x version #)
     24  10000 ????						;			    This will allow conditional code to verify VCS.H being
     25  10000 ????						;			    used for code assembly.
     26  10000 ????						; 1.04  12/NOV/2003	 Added TIA_BASE_WRITE_ADDRESS and TIA_BASE_READ_ADDRESS for
     27  10000 ????						;			 convenient disassembly/reassembly compatibility for hardware
     28  10000 ????						;			 mirrored reading/writing differences.	This is more a 
     29  10000 ????						;			 readability issue, and binary compatibility with disassembled
     30  10000 ????						;			 and reassembled sources.  Per Manuel Rotschkar's suggestion.
     31  10000 ????						; 1.03  12/MAY/2003	 Added SEG segment at end of file to fix old-code compatibility
     32  10000 ????						;			 which was broken by the use of segments in this file, as
     33  10000 ????						;			 reported by Manuel Polik on [stella] 11/MAY/2003
     34  10000 ????						; 1.02  22/MAR/2003	 Added TIMINT($285)
     35  10000 ????						; 1.01				Constant offset added to allow use for 3F-style bankswitching
     36  10000 ????						;						 - define TIA_BASE_ADDRESS as $40 for Tigervision carts, otherwise
     37  10000 ????						;						   it is safe to leave it undefined, and the base address will
     38  10000 ????						;						   be set to 0.  Thanks to Eckhard Stolberg for the suggestion.
     39  10000 ????						;			    Note, may use -DLABEL=EXPRESSION to define TIA_BASE_ADDRESS
     40  10000 ????						;			  - register definitions are now generated through assignment
     41  10000 ????						;			    in uninitialised segments.	This allows a changeable base
     42  10000 ????						;			    address architecture.
     43  10000 ????						; 1.0	22/MAR/2003		Initial release
     44  10000 ????
     45  10000 ????
     46  10000 ????						;-------------------------------------------------------------------------------
     47  10000 ????
     48  10000 ????						; TIA_BASE_ADDRESS
     49  10000 ????						; The TIA_BASE_ADDRESS defines the base address of access to TIA registers.
     50  10000 ????						; Normally 0, the base address should (externally, before including this file)
     51  10000 ????						; be set to $40 when creating 3F-bankswitched (and other?) cartridges.
     52  10000 ????						; The reason is that this bankswitching scheme treats any access to locations
     53  10000 ????						; < $40 as a bankswitch.
     54  10000 ????
     55  10000 ????			   -	       IFNCONST	TIA_BASE_ADDRESS
     56  10000 ????			   -TIA_BASE_ADDRESS =	0
     57  10000 ????				       ENDIF
     58  10000 ????
     59  10000 ????						; Note: The address may be defined on the command-line using the -D switch, eg:
     60  10000 ????						; dasm.exe code.asm -DTIA_BASE_ADDRESS=$40 -f3 -v5 -ocode.bin
     61  10000 ????						; *OR* by declaring the label before including this file, eg:
     62  10000 ????						; TIA_BASE_ADDRESS = $40
     63  10000 ????						;   include "vcs.h"
     64  10000 ????
     65  10000 ????						; Alternate read/write address capability - allows for some disassembly compatibility
     66  10000 ????						; usage ; to allow reassembly to binary perfect copies).  This is essentially catering
     67  10000 ????						; for the mirrored ROM hardware registers.
     68  10000 ????
     69  10000 ????						; Usage: As per above, define the TIA_BASE_READ_ADDRESS and/or TIA_BASE_WRITE_ADDRESS
     70  10000 ????						; using the -D command-line switch, as required.  If the addresses are not defined, 
     71  10000 ????						; they defaut to the TIA_BASE_ADDRESS.
     72  10000 ????
     73  10000 ????			   -	       IFNCONST	TIA_BASE_READ_ADDRESS
     74  10000 ????			   -TIA_BASE_READ_ADDRESS =	TIA_BASE_ADDRESS
     75  10000 ????				       ENDIF
     76  10000 ????
     77  10000 ????			   -	       IFNCONST	TIA_BASE_WRITE_ADDRESS
     78  10000 ????			   -TIA_BASE_WRITE_ADDRESS =	TIA_BASE_ADDRESS
     79  10000 ????				       ENDIF
     80  10000 ????
     81  10000 ????						;-------------------------------------------------------------------------------
     82  10000 ????
     83 U002d ????				      SEG.U	TIA_REGISTERS_WRITE
     84 U0000					      ORG	TIA_BASE_WRITE_ADDRESS
     85 U0000
     86 U0000							; DO NOT CHANGE THE RELATIVE ORDERING OF REGISTERS!
     87 U0000
     88 U0000		       00	   VSYNC      ds	1	; $00	 0000 00x0   Vertical Sync Set-Clear
     89 U0001		       00	   VBLANK     ds	1	; $01	 xx00 00x0   Vertical Blank Set-Clear
     90 U0002		       00	   WSYNC      ds	1	; $02	 ---- ----   Wait for Horizontal Blank
     91 U0003		       00	   RSYNC      ds	1	; $03	 ---- ----   Reset Horizontal Sync Counter
     92 U0004		       00	   NUSIZ0     ds	1	; $04	 00xx 0xxx   Number-Size player/missle 0
     93 U0005		       00	   NUSIZ1     ds	1	; $05	 00xx 0xxx   Number-Size player/missle 1
     94 U0006		       00	   COLUP0     ds	1	; $06	 xxxx xxx0   Color-Luminance Player 0
     95 U0007		       00	   COLUP1     ds	1	; $07	 xxxx xxx0   Color-Luminance Player 1
     96 U0008		       00	   COLUPF     ds	1	; $08	 xxxx xxx0   Color-Luminance Playfield
     97 U0009		       00	   COLUBK     ds	1	; $09	 xxxx xxx0   Color-Luminance Background
     98 U000a		       00	   CTRLPF     ds	1	; $0A	 00xx 0xxx   Control Playfield, Ball, Collisions
     99 U000b		       00	   REFP0      ds	1	; $0B	 0000 x000   Reflection Player 0
    100 U000c		       00	   REFP1      ds	1	; $0C	 0000 x000   Reflection Player 1
    101 U000d		       00	   PF0	      ds	1	; $0D	 xxxx 0000   Playfield Register Byte 0
    102 U000e		       00	   PF1	      ds	1	; $0E	 xxxx xxxx   Playfield Register Byte 1
    103 U000f		       00	   PF2	      ds	1	; $0F	 xxxx xxxx   Playfield Register Byte 2
    104 U0010		       00	   RESP0      ds	1	; $10	 ---- ----   Reset Player 0
    105 U0011		       00	   RESP1      ds	1	; $11	 ---- ----   Reset Player 1
    106 U0012		       00	   RESM0      ds	1	; $12	 ---- ----   Reset Missle 0
    107 U0013		       00	   RESM1      ds	1	; $13	 ---- ----   Reset Missle 1
    108 U0014		       00	   RESBL      ds	1	; $14	 ---- ----   Reset Ball
    109 U0015		       00	   AUDC0      ds	1	; $15	 0000 xxxx   Audio Control 0
    110 U0016		       00	   AUDC1      ds	1	; $16	 0000 xxxx   Audio Control 1
    111 U0017		       00	   AUDF0      ds	1	; $17	 000x xxxx   Audio Frequency 0
    112 U0018		       00	   AUDF1      ds	1	; $18	 000x xxxx   Audio Frequency 1
    113 U0019		       00	   AUDV0      ds	1	; $19	 0000 xxxx   Audio Volume 0
    114 U001a		       00	   AUDV1      ds	1	; $1A	 0000 xxxx   Audio Volume 1
    115 U001b		       00	   GRP0       ds	1	; $1B	 xxxx xxxx   Graphics Register Player 0
    116 U001c		       00	   GRP1       ds	1	; $1C	 xxxx xxxx   Graphics Register Player 1
    117 U001d		       00	   ENAM0      ds	1	; $1D	 0000 00x0   Graphics Enable Missle 0
    118 U001e		       00	   ENAM1      ds	1	; $1E	 0000 00x0   Graphics Enable Missle 1
    119 U001f		       00	   ENABL      ds	1	; $1F	 0000 00x0   Graphics Enable Ball
    120 U0020		       00	   HMP0       ds	1	; $20	 xxxx 0000   Horizontal Motion Player 0
    121 U0021		       00	   HMP1       ds	1	; $21	 xxxx 0000   Horizontal Motion Player 1
    122 U0022		       00	   HMM0       ds	1	; $22	 xxxx 0000   Horizontal Motion Missle 0
    123 U0023		       00	   HMM1       ds	1	; $23	 xxxx 0000   Horizontal Motion Missle 1
    124 U0024		       00	   HMBL       ds	1	; $24	 xxxx 0000   Horizontal Motion Ball
    125 U0025		       00	   VDELP0     ds	1	; $25	 0000 000x   Vertical Delay Player 0
    126 U0026		       00	   VDELP1     ds	1	; $26	 0000 000x   Vertical Delay Player 1
    127 U0027		       00	   VDELBL     ds	1	; $27	 0000 000x   Vertical Delay Ball
    128 U0028		       00	   RESMP0     ds	1	; $28	 0000 00x0   Reset Missle 0 to Player 0
    129 U0029		       00	   RESMP1     ds	1	; $29	 0000 00x0   Reset Missle 1 to Player 1
    130 U002a		       00	   HMOVE      ds	1	; $2A	 ---- ----   Apply Horizontal Motion
    131 U002b		       00	   HMCLR      ds	1	; $2B	 ---- ----   Clear Horizontal Move Registers
    132 U002c		       00	   CXCLR      ds	1	; $2C	 ---- ----   Clear Collision Latches
    133 U002d
    134 U002d							;-------------------------------------------------------------------------------
    135 U002d
    136 U000e ????				      SEG.U	TIA_REGISTERS_READ
    137 U0000					      ORG	TIA_BASE_READ_ADDRESS
    138 U0000
    139 U0000							;											bit 7	 bit 6
    140 U0000		       00	   CXM0P      ds	1	; $00	     xx00 0000	     Read Collision  M0-P1   M0-P0
    141 U0001		       00	   CXM1P      ds	1	; $01	     xx00 0000			     M1-P0   M1-P1
    142 U0002		       00	   CXP0FB     ds	1	; $02	     xx00 0000			     P0-PF   P0-BL
    143 U0003		       00	   CXP1FB     ds	1	; $03	     xx00 0000			     P1-PF   P1-BL
    144 U0004		       00	   CXM0FB     ds	1	; $04	     xx00 0000			     M0-PF   M0-BL
    145 U0005		       00	   CXM1FB     ds	1	; $05	     xx00 0000			     M1-PF   M1-BL
    146 U0006		       00	   CXBLPF     ds	1	; $06	     x000 0000			     BL-PF   -----
    147 U0007		       00	   CXPPMM     ds	1	; $07	     xx00 0000			     P0-P1   M0-M1
    148 U0008		       00	   INPT0      ds	1	; $08	     x000 0000	     Read Pot Port 0
    149 U0009		       00	   INPT1      ds	1	; $09	     x000 0000	     Read Pot Port 1
    150 U000a		       00	   INPT2      ds	1	; $0A	     x000 0000	     Read Pot Port 2
    151 U000b		       00	   INPT3      ds	1	; $0B	     x000 0000	     Read Pot Port 3
    152 U000c		       00	   INPT4      ds	1	; $0C		x000 0000	 Read Input (Trigger) 0
    153 U000d		       00	   INPT5      ds	1	; $0D		x000 0000	 Read Input (Trigger) 1
    154 U000e
    155 U000e							;-------------------------------------------------------------------------------
    156 U000e
    157 U0298 ????				      SEG.U	RIOT
    158 U0280					      ORG	$280
    159 U0280
    160 U0280							; RIOT MEMORY MAP
    161 U0280
    162 U0280		       00	   SWCHA      ds	1	; $280      Port A data register for joysticks:
    163 U0281							;			Bits 4-7 for player 1.  Bits 0-3 for player 2.
    164 U0281
    165 U0281		       00	   SWACNT     ds	1	; $281      Port A data direction register (DDR)
    166 U0282		       00	   SWCHB      ds	1	; $282		Port B data (console switches)
    167 U0283		       00	   SWBCNT     ds	1	; $283      Port B DDR
    168 U0284		       00	   INTIM      ds	1	; $284		Timer output
    169 U0285
    170 U0285		       00	   TIMINT     ds	1	; $285
    171 U0286
    172 U0286							; Unused/undefined registers ($285-$294)
    173 U0286
    174 U0286		       00		      ds	1	; $286
    175 U0287		       00		      ds	1	; $287
    176 U0288		       00		      ds	1	; $288
    177 U0289		       00		      ds	1	; $289
    178 U028a		       00		      ds	1	; $28A
    179 U028b		       00		      ds	1	; $28B
    180 U028c		       00		      ds	1	; $28C
    181 U028d		       00		      ds	1	; $28D
    182 U028e		       00		      ds	1	; $28E
    183 U028f		       00		      ds	1	; $28F
    184 U0290		       00		      ds	1	; $290
    185 U0291		       00		      ds	1	; $291
    186 U0292		       00		      ds	1	; $292
    187 U0293		       00		      ds	1	; $293
    188 U0294
    189 U0294		       00	   TIM1T      ds	1	; $294		set 1 clock interval
    190 U0295		       00	   TIM8T      ds	1	; $295      set 8 clock interval
    191 U0296		       00	   TIM64T     ds	1	; $296      set 64 clock interval
    192 U0297		       00	   T1024T     ds	1	; $297      set 1024 clock interval
    193 U0298
    194 U0298							;-------------------------------------------------------------------------------
    195 U0298							; The following required for back-compatibility with code which does not use
    196 U0298							; segments.
    197 U0298
    198  0000 ????				      SEG
    199  0000 ????
    200  0000 ????						; EOF
------- FILE finalgame.dasm
------- FILE macro.h LEVEL 2 PASS 2
      0  0000 ????				      include	macro.h
      1  0000 ????						; MACRO.H
      2  0000 ????						; Version 1.09, 05/SEP/2020
      3  0000 ????
      4  0000 ????	       00 6d	   VERSION_MACRO =	109
      5  0000 ????
      6  0000 ????						;
      7  0000 ????						; THIS FILE IS EXPLICITLY SUPPORTED AS A DASM-PREFERRED COMPANION FILE
      8  0000 ????						; The latest version can be found at https://dasm-assembler.github.io/
      9  0000 ????						;
     10  0000 ????						; This file defines DASM macros useful for development for the Atari 2600.
     11  0000 ????						; It is distributed as a companion machine-specific support package
     12  0000 ????						; for the DASM compiler.
     13  0000 ????						;
     14  0000 ????						; Many thanks to the people who have contributed. If you find an issue with the
     15  0000 ????						; contents, or would like ot add something, please report as an issue at...
     16  0000 ????						; https://github.com/dasm-assembler/dasm/issues
     17  0000 ????
     18  0000 ????
     19  0000 ????						; Latest Revisions...
     20  0000 ????						; 1.09  05/SEP/2020	 - updated license/links
     21  0000 ????
     22  0000 ????						; 1.08  13/JUL/2020	 - added use of LXA to CLEAN_START
     23  0000 ????						; 1.07  19/JAN/2020	 - correction to comment VERTICAL_SYNC
     24  0000 ????						; 1.06  03/SEP/2004	 - nice revision of VERTICAL_SYNC (Edwin Blink)
     25  0000 ????						; 1.05  14/NOV/2003	 - Added VERSION_MACRO equate (which will reflect 100x version #)
     26  0000 ????						;			   This will allow conditional code to verify MACRO.H being
     27  0000 ????						;			   used for code assembly.
     28  0000 ????						; 1.04  13/NOV/2003	 - SET_POINTER macro added (16-bit address load)
     29  0000 ????						;
     30  0000 ????						; 1.03  23/JUN/2003	 - CLEAN_START macro added - clears TIA, RAM, registers
     31  0000 ????						;
     32  0000 ????						; 1.02  14/JUN/2003	 - VERTICAL_SYNC macro added
     33  0000 ????						;			   (standardised macro for vertical synch code)
     34  0000 ????						; 1.01  22/MAR/2003	 - SLEEP macro added. 
     35  0000 ????						;			 - NO_ILLEGAL_OPCODES switch implemented
     36  0000 ????						; 1.0	22/MAR/2003		Initial release
     37  0000 ????
     38  0000 ????						; Note: These macros use illegal opcodes.  To disable illegal opcode usage, 
     39  0000 ????						;   define the symbol NO_ILLEGAL_OPCODES (-DNO_ILLEGAL_OPCODES=1 on command-line).
     40  0000 ????						;   If you do not allow illegal opcode usage, you must include this file 
     41  0000 ????						;   *after* including VCS.H (as the non-illegal opcodes access hardware
     42  0000 ????						;   registers and require them to be defined first).
     43  0000 ????
     44  0000 ????						; Available macros...
     45  0000 ????						;   SLEEP n		 - sleep for n cycles
     46  0000 ????						;   VERTICAL_SYNC	 - correct 3 scanline vertical synch code
     47  0000 ????						;   CLEAN_START	 - set machine to known state on startup
     48  0000 ????						;   SET_POINTER	 - load a 16-bit absolute to a 16-bit variable
     49  0000 ????
     50  0000 ????						;-------------------------------------------------------------------------------
     51  0000 ????						; SLEEP duration
     52  0000 ????						; Original author: Thomas Jentzsch
     53  0000 ????						; Inserts code which takes the specified number of cycles to execute.	This is
     54  0000 ????						; useful for code where precise timing is required.
     55  0000 ????						; ILLEGAL-OPCODE VERSION DOES NOT AFFECT FLAGS OR REGISTERS.
     56  0000 ????						; LEGAL OPCODE VERSION MAY AFFECT FLAGS
     57  0000 ????						; Uses illegal opcode (DASM 2.20.01 onwards).
     58  0000 ????
     59  0000 ????				      MAC	sleep
     60  0000 ????			   .CYCLES    SET	{1}
     61  0000 ????
     62  0000 ????				      IF	.CYCLES < 2
     63  0000 ????				      ECHO	"MACRO ERROR: 'SLEEP': Duration must be > 1"
     64  0000 ????				      ERR
     65  0000 ????				      ENDIF
     66  0000 ????
     67  0000 ????				      IF	.CYCLES & 1
     68  0000 ????				      IFNCONST	NO_ILLEGAL_OPCODES
     69  0000 ????				      nop	0
     70  0000 ????				      ELSE
     71  0000 ????				      bit	VSYNC
     72  0000 ????				      ENDIF
     73  0000 ????			   .CYCLES    SET	.CYCLES - 3
     74  0000 ????				      ENDIF
     75  0000 ????
     76  0000 ????				      REPEAT	.CYCLES / 2
     77  0000 ????				      nop
     78  0000 ????				      REPEND
     79  0000 ????				      ENDM		;usage: SLEEP n (n>1)
     80  0000 ????
     81  0000 ????						;-------------------------------------------------------------------------------
     82  0000 ????						; VERTICAL_SYNC
     83  0000 ????						; revised version by Edwin Blink -- saves bytes!
     84  0000 ????						; Inserts the code required for a proper 3 scanline vertical sync sequence
     85  0000 ????						; Note: Alters the accumulator
     86  0000 ????
     87  0000 ????						; OUT: A = 0
     88  0000 ????
     89  0000 ????				      MAC	vertical_sync
     90  0000 ????				      lda	#%1110	; each '1' bits generate a VSYNC ON line (bits 1..3)
     91  0000 ????			   .VSLP1     sta	WSYNC	; 1st '0' bit resets Vsync, 2nd '0' bit exit loop
     92  0000 ????				      sta	VSYNC
     93  0000 ????				      lsr
     94  0000 ????				      bne	.VSLP1	; branch until VYSNC has been reset
     95  0000 ????				      ENDM
     96  0000 ????
     97  0000 ????						;-------------------------------------------------------------------------------
     98  0000 ????						; CLEAN_START
     99  0000 ????						; Original author: Andrew Davie
    100  0000 ????						; Standardised start-up code, clears stack, all TIA registers and RAM to 0
    101  0000 ????						; Sets stack pointer to $FF, and all registers to 0
    102  0000 ????						; Sets decimal mode off, sets interrupt flag (kind of un-necessary)
    103  0000 ????						; Use as very first section of code on boot (ie: at reset)
    104  0000 ????						; Code written to minimise total ROM usage - uses weird 6502 knowledge :)
    105  0000 ????
    106  0000 ????				      MAC	clean_start
    107  0000 ????				      sei
    108  0000 ????				      cld
    109  0000 ????
    110  0000 ????				      IFNCONST	NO_ILLEGAL_OPCODES
    111  0000 ????				      lxa	#0
    112  0000 ????				      ELSE
    113  0000 ????				      ldx	#0
    114  0000 ????				      txa
    115  0000 ????				      ENDIF
    116  0000 ????				      tay
    117  0000 ????			   .CLEAR_STACK dex
    118  0000 ????				      txs
    119  0000 ????				      pha
    120  0000 ????				      bne	.CLEAR_STACK	; SP=$FF, X = A = Y = 0
    121  0000 ????
    122  0000 ????				      ENDM
    123  0000 ????
    124  0000 ????						;-------------------------------------------------------
    125  0000 ????						; SET_POINTER
    126  0000 ????						; Original author: Manuel Rotschkar
    127  0000 ????						;
    128  0000 ????						; Sets a 2 byte RAM pointer to an absolute address.
    129  0000 ????						;
    130  0000 ????						; Usage: SET_POINTER pointer, address
    131  0000 ????						; Example: SET_POINTER SpritePTR, SpriteData
    132  0000 ????						;
    133  0000 ????						; Note: Alters the accumulator, NZ flags
    134  0000 ????						; IN 1: 2 byte RAM location reserved for pointer
    135  0000 ????						; IN 2: absolute address
    136  0000 ????
    137  0000 ????				      MAC	set_pointer
    138  0000 ????			   .POINTER   SET	{1}
    139  0000 ????			   .ADDRESS   SET	{2}
    140  0000 ????
    141  0000 ????				      LDA	#<.ADDRESS	; Get Lowbyte of Address
    142  0000 ????				      STA	.POINTER	; Store in pointer
    143  0000 ????				      LDA	#>.ADDRESS	; Get Hibyte of Address
    144  0000 ????				      STA	.POINTER+1	; Store in pointer+1
    145  0000 ????
    146  0000 ????				      ENDM
    147  0000 ????
    148  0000 ????						;-------------------------------------------------------
    149  0000 ????						; BOUNDARY byte#
    150  0000 ????						; Original author: Denis Debro (borrowed from Bob Smith / Thomas)
    151  0000 ????						;
    152  0000 ????						; Push data to a certain position inside a page and keep count of how
    153  0000 ????						; many free bytes the programmer will have.
    154  0000 ????						;
    155  0000 ????						; eg: BOUNDARY 5    ; position at byte #5 in page
    156  0000 ????
    157  0000 ????			   .FREE_BYTES SET	0
    158  0000 ????				      MAC	boundary
    159  0000 ????				      REPEAT	256
    160  0000 ????				      IF	<. % {1} = 0
    161  0000 ????				      MEXIT
    162  0000 ????				      ELSE
    163  0000 ????			   .FREE_BYTES SET	.FREE_BYTES + 1
    164  0000 ????				      .byte	$00
    165  0000 ????				      ENDIF
    166  0000 ????				      REPEND
    167  0000 ????				      ENDM
    168  0000 ????
    169  0000 ????
    170  0000 ????						; EOF
------- FILE finalgame.dasm
      7  0000 ????
      8  0000 ????						;------------------------------------------------
      9  0000 ????						; Constants
     10  0000 ????						;------------------------------------------------
     11  0000 ????	       00 00	   BLACK      =	#$00
     12  0000 ????	       00 07	   SCORE_HEIGHT =	#7
     13  0000 ????	       00 06	   BIKE_HEIGHT =	#6
     14  0000 ????	       00 9f	   PLAY_HEIGHT =	#159
     15  0000 ????	       00 04	   BALL_HEIGHT =	#4
     16  0000 ????
     17  0000 ????						;------------------------------------------------
     18  0000 ????						; RAM
     19  0000 ????						;------------------------------------------------
     20 U00a3 ????				      SEG.U	variables
     21 U0080					      ORG	$80
     22 U0080
     23 U0080		       00	   bgcolor    .byte.b
     24 U0081		       00	   frame      .byte.b
     25 U0082		       00	   p0x	      .byte.b
     26 U0083		       00	   p0y	      .byte.b
     27 U0084
     28 U0084							; --- Monster variables ---
     29 U0084		       00	   p1x	      .byte.b		; Monster X position
     30 U0085		       00	   monsterTimer .byte.b		; Timer for monster creeping right
     31 U0086
     32 U0086		       00 00	   score      ds	2
     33 U0088		       00 00 00 00*scorepointers ds	12
     34 U0094		       00	   scoreHeight .byte.b
     35 U0095		       00	   temp       .byte.b
     36 U0096		       00	   temp2      .byte.b
     37 U0097
     38 U0097		       00 00	   sprite0gfx ds	2
     39 U0099		       00	   p0gfx      .byte.b
     40 U009a		       00	   p0color    .byte.b
     41 U009b		       00	   p0ycounter .byte.b
     42 U009c
     43 U009c							; --- Ball obstacle variables ---
     44 U009c		       00	   bally      .byte.b		; Y position in play area
     45 U009d		       00	   temp_bally .byte.b		; Temp value for cycle optimization
     46 U009e		       00	   ballactive .byte.b		; 0=inactive, 1=visible
     47 U009f		       00	   balldelay  .byte.b		; frame countdown before next spawn
     48 U00a0		       00	   ballneedpos .byte.b		; >0 = frames until ball becomes visible after reposition
     49 U00a1		       00	   balltimer  .byte.b		; frames remaining in current flight
     50 U00a2
     51 U00a2							; --- Score timer ---
     52 U00a2		       00	   scoreTimer .byte.b		; counts frames, increments score at 60
     53 U00a3
     54 U00a3							;------------------------------------------------
     55 U00a3							; Start of ROM
     56 U00a3							;------------------------------------------------
     57  10000 ????				       SEG	Bank0
     58  f000					      ORG	$F000
     59  f000
     60  f000				   Start
      0  f000					      CLEAN_START
      1  f000		       78		      sei
      2  f001		       d8		      cld
      3  f002
      4  f002					      IFNCONST	NO_ILLEGAL_OPCODES
      5  f002		       ab 00		      lxa	#0
      6  f004				  -	      ELSE
      7  f004				  -	      ldx	#0
      8  f004				  -	      txa
      9  f004					      ENDIF
     10  f004		       a8		      tay
     11  f005		       ca	   .CLEAR_STACK dex
     12  f006		       9a		      txs
     13  f007		       48		      pha
     14  f008		       d0 fb		      bne	.CLEAR_STACK
     15  f00a
     62  f00a
     63  f00a		       a9 50		      lda	#80
     64  f00c		       85 82		      sta	p0x
     65  f00e		       a9 3c		      lda	#60
     66  f010		       85 83		      sta	p0y
     67  f012
     68  f012							; --- Initialize Monster ---
     69  f012		       a9 08		      lda	#8
     70  f014		       85 84		      sta	p1x
     71  f016		       a9 00		      lda	#0
     72  f018		       85 85		      sta	monsterTimer
     73  f01a
     74  f01a		       a9 00		      lda	#<PlayerGfx
     75  f01c		       85 97		      sta	sprite0gfx
     76  f01e		       a9 f5		      lda	#>PlayerGfx
     77  f020		       85 98		      sta	sprite0gfx+1
     78  f022
     79  f022		       a2 07		      ldx	#7
     80  f024				   .initScore
     81  f024		       a9 f4		      lda	#>scoretable
     82  f026		       95 88		      sta	scorepointers,x
     83  f028		       ca		      dex
     84  f029		       a9 00		      lda	#<scoretable
     85  f02b		       95 88		      sta	scorepointers,x
     86  f02d		       ca		      dex
     87  f02e		       10 f4		      bpl	.initScore
     88  f030
     89  f030		       a9 50		      lda	#<blank
     90  f032		       85 90		      sta	scorepointers+8
     91  f034		       85 92		      sta	scorepointers+10
     92  f036		       a9 f4		      lda	#>blank
     93  f038		       85 91		      sta	scorepointers+9
     94  f03a		       85 93		      sta	scorepointers+11
     95  f03c
     96  f03c							; --- Initialize ball obstacle ---
     97  f03c		       a9 00		      lda	#0
     98  f03e		       85 9e		      sta	ballactive
     99  f040		       85 a0		      sta	ballneedpos
    100  f042		       a9 14		      lda	#20
    101  f044		       85 9c		      sta	bally
    102  f046		       a9 78		      lda	#120
    103  f048		       85 9f		      sta	balldelay
    104  f04a
    105  f04a							; --- Initialize score timer ---
    106  f04a		       a9 00		      lda	#0
    107  f04c		       85 a2		      sta	scoreTimer
    108  f04e
    109  f04e							;------------------------------------------------
    110  f04e							; Vertical Blank
    111  f04e							;------------------------------------------------
    112  f04e				   MainLoop
    113  f04e		       a9 02		      lda	#2
    114  f050		       85 00		      sta	VSYNC
    115  f052		       85 02		      sta	WSYNC
    116  f054		       85 02		      sta	WSYNC
    117  f056		       85 02		      sta	WSYNC
    118  f058		       a9 2b		      lda	#43
    119  f05a		       8d 96 02 	      sta	TIM64T
    120  f05d		       a9 00		      lda	#0
    121  f05f		       85 00		      sta	VSYNC
    122  f061
    123  f061		       a9 0e		      lda	#$0E
    124  f063		       85 80		      sta	bgcolor
    125  f065
    126  f065							; --- Clear collision registers and motion ---
    127  f065		       85 2c		      sta	CXCLR
    128  f067		       85 2b		      sta	HMCLR
    129  f069
    130  f069		       e6 81		      inc	frame
    131  f06b
    132  f06b							; ===================
    133  f06b							; Score Logic
    134  f06b							; ===================
    135  f06b		       e6 a2		      inc	scoreTimer
    136  f06d		       a5 a2		      lda	scoreTimer
    137  f06f		       c9 3c		      cmp	#60
    138  f071		       90 10		      bcc	.skipScore
    139  f073
    140  f073		       a9 00		      lda	#0
    141  f075		       85 a2		      sta	scoreTimer
    142  f077
    143  f077		       a9 01		      lda	#1
    144  f079		       a2 00		      ldx	#0
    145  f07b		       a0 00		      ldy	#0
    146  f07d		       20 72 f3 	      jsr	AddScore
    147  f080		       20 7f f3 	      jsr	LoadScorePointers
    148  f083
    149  f083				   .skipScore
    150  f083
    151  f083							; ===================
    152  f083							; Move Monster
    153  f083							; ===================
    154  f083		       e6 85		      inc	monsterTimer
    155  f085		       a5 85		      lda	monsterTimer
    156  f087		       c9 78		      cmp	#120
    157  f089		       90 0c		      bcc	.skipMonster
    158  f08b
    159  f08b		       a9 00		      lda	#0
    160  f08d		       85 85		      sta	monsterTimer
    161  f08f		       a5 84		      lda	p1x
    162  f091		       c9 3c		      cmp	#60
    163  f093		       b0 02		      bcs	.skipMonster
    164  f095		       e6 84		      inc	p1x
    165  f097				   .skipMonster
    166  f097
    167  f097							; ===================
    168  f097							; Move Ball Obstacle
    169  f097							; ===================
    170  f097				   MoveBall
    171  f097		       a5 9f		      lda	balldelay
    172  f099		       f0 05		      beq	.noDelay
    173  f09b		       c6 9f		      dec	balldelay
    174  f09d		       4c cc f0 	      jmp	.ballLogicDone
    175  f0a0				   .noDelay
    176  f0a0		       a5 9e		      lda	ballactive
    177  f0a2		       f0 0f		      beq	.spawnBall
    178  f0a4
    179  f0a4		       c6 a1		      dec	balltimer
    180  f0a6		       d0 24		      bne	.ballLogicDone
    181  f0a8
    182  f0a8		       a9 00		      lda	#0
    183  f0aa		       85 9e		      sta	ballactive
    184  f0ac		       a9 78		      lda	#120
    185  f0ae		       85 9f		      sta	balldelay
    186  f0b0		       4c cc f0 	      jmp	.ballLogicDone
    187  f0b3
    188  f0b3				   .spawnBall
    189  f0b3		       a9 01		      lda	#1
    190  f0b5		       85 9e		      sta	ballactive
    191  f0b7		       a9 02		      lda	#2
    192  f0b9		       85 a0		      sta	ballneedpos
    193  f0bb		       a9 4b		      lda	#75
    194  f0bd		       85 a1		      sta	balltimer
    195  f0bf
    196  f0bf		       a5 9c		      lda	bally
    197  f0c1		       18		      clc
    198  f0c2		       69 0c		      adc	#12
    199  f0c4		       c9 99		      cmp	#PLAY_HEIGHT-6
    200  f0c6		       90 02		      bcc	.yOk
    201  f0c8		       a9 14		      lda	#20
    202  f0ca				   .yOk
    203  f0ca		       85 9c		      sta	bally
    204  f0cc
    205  f0cc				   .ballLogicDone
    206  f0cc
    207  f0cc							; ===================
    208  f0cc							; Joystick Input
    209  f0cc							; ===================
    210  f0cc				   CheckUp
    211  f0cc		       a9 10		      lda	#%00010000
    212  f0ce		       2c 80 02 	      bit	SWCHA
    213  f0d1		       d0 0a		      bne	.endUp
    214  f0d3		       a5 83		      lda	p0y
    215  f0d5		       c9 99		      cmp	#PLAY_HEIGHT-BIKE_HEIGHT
    216  f0d7		       b0 04		      bcs	.endUp
    217  f0d9		       e6 83		      inc	p0y
    218  f0db		       e6 83		      inc	p0y
    219  f0dd				   .endUp
    220  f0dd				   CheckDown
    221  f0dd		       a9 20		      lda	#%00100000
    222  f0df		       2c 80 02 	      bit	SWCHA
    223  f0e2		       d0 0a		      bne	.endDown
    224  f0e4		       a5 83		      lda	p0y
    225  f0e6		       c9 0c		      cmp	#BIKE_HEIGHT+BIKE_HEIGHT
    226  f0e8		       90 04		      bcc	.endDown
    227  f0ea		       c6 83		      dec	p0y
    228  f0ec		       c6 83		      dec	p0y
    229  f0ee				   .endDown
    230  f0ee				   CheckRight
    231  f0ee		       a9 80		      lda	#%10000000
    232  f0f0		       2c 80 02 	      bit	SWCHA
    233  f0f3		       d0 0e		      bne	.endRight
    234  f0f5		       a9 00		      lda	#0
    235  f0f7		       85 0b		      sta	REFP0
    236  f0f9		       a5 82		      lda	p0x
    237  f0fb							; FIX: Safely restored full right-side movement to 148!
    238  f0fb		       c9 94		      cmp	#148
    239  f0fd		       b0 04		      bcs	.endRight
    240  f0ff		       e6 82		      inc	p0x
    241  f101		       e6 82		      inc	p0x
    242  f103				   .endRight
    243  f103				   CheckLeft
    244  f103		       a9 40		      lda	#%01000000
    245  f105		       2c 80 02 	      bit	SWCHA
    246  f108		       d0 0e		      bne	EndInput
    247  f10a		       a9 08		      lda	#%00001000
    248  f10c		       85 0b		      sta	REFP0
    249  f10e		       a5 82		      lda	p0x
    250  f110		       c9 02		      cmp	#2
    251  f112		       90 04		      bcc	EndInput
    252  f114		       c6 82		      dec	p0x
    253  f116		       c6 82		      dec	p0x
    254  f118				   EndInput
    255  f118
    256  f118		       85 02		      sta	WSYNC
    257  f11a				   .waitForVBlank
    258  f11a		       ad 84 02 	      lda	INTIM
    259  f11d		       d0 fb		      bne	.waitForVBlank
    260  f11f		       85 02		      sta	WSYNC
    261  f121		       85 01		      sta	VBLANK
    262  f123
    263  f123		       4c 00 f2 	      jmp	StartDrawScreen
    264  f126
    265  f126							;------------------------------------------------
    266  f126							; Kernel
    267  f126							;------------------------------------------------
    268  f200		       00 00 00 00*	      align	256
    269  f200				   StartDrawScreen
    270  f200				   DrawScreen
    271  f200		       a9 00		      lda	#0
    272  f202		       85 1b		      sta	GRP0
    273  f204		       85 1c		      sta	GRP1
    274  f206
    275  f206		       a2 09		      ldx	#9
    276  f208				   .topSpacer
    277  f208		       a5 80		      lda	bgcolor
    278  f20a		       85 06		      sta	COLUP0
    279  f20c		       85 07		      sta	COLUP1
    280  f20e		       ca		      dex
    281  f20f		       85 02		      sta	WSYNC
    282  f211		       d0 f5		      bne	.topSpacer
    283  f213
    284  f213							; initialize the score 
    285  f213		       a9 00		      lda	#0
    286  f215		       85 02		      sta	WSYNC
    287  f217		       85 0b		      sta	REFP0
    288  f219		       85 0c		      sta	REFP1
    289  f21b		       85 1b		      sta	GRP0
    290  f21d		       85 1c		      sta	GRP1
    291  f21f		       85 1d		      sta	ENAM0
    292  f221		       85 1e		      sta	ENAM1
    293  f223		       85 1f		      sta	ENABL
    294  f225		       85 02		      sta	WSYNC
    295  f227		       ea		      nop
    296  f228		       85 1b		      sta	GRP0
    297  f22a		       85 1c		      sta	GRP1
    298  f22c		       a0 07		      ldy	#SCORE_HEIGHT
    299  f22e		       84 94		      sty	scoreHeight
    300  f230		       a9 03		      lda	#$03
    301  f232		       85 04		      sta	NUSIZ0
    302  f234		       85 05		      sta	NUSIZ1
    303  f236		       85 25		      sta	VDELP0
    304  f238		       85 26		      sta	VDELP1
    305  f23a		       a9 f0		      lda	#$F0
    306  f23c		       85 20		      sta	HMP0
    307  f23e		       a9 00		      lda	#0
    308  f240		       ea		      nop
    309  f241		       85 10		      sta	RESP0
    310  f243		       85 11		      sta	RESP1
    311  f245		       85 02		      sta	WSYNC
    312  f247		       85 2a		      sta	HMOVE
    313  f249		       85 02		      sta	WSYNC
    314  f24b
    315  f24b							; display the score
    316  f24b				   .scoreLoop
    317  f24b		       a4 94		      ldy	scoreHeight
    318  f24d		       b1 88		      lda	(scorepointers),y
    319  f24f		       85 1b		      sta	GRP0
    320  f251		       85 02		      sta	WSYNC
    321  f253		       b1 8a		      lda	(scorepointers+2),y
    322  f255		       85 1c		      sta	GRP1
    323  f257		       b1 8c		      lda	(scorepointers+4),y
    324  f259		       85 1b		      sta	GRP0
    325  f25b		       b1 8e		      lda	(scorepointers+6),y
    326  f25d		       85 95		      sta	temp
    327  f25f		       b1 90		      lda	(scorepointers+8),y
    328  f261		       aa		      tax
    329  f262		       b1 92		      lda	(scorepointers+10),y
    330  f264		       a8		      tay
    331  f265		       a5 95		      lda	temp
    332  f267		       85 1c		      sta	GRP1
    333  f269		       86 1b		      stx	GRP0
    334  f26b		       84 1c		      sty	GRP1
    335  f26d		       85 1b		      sta	GRP0
    336  f26f		       c6 94		      dec	scoreHeight
    337  f271		       10 d8		      bpl	.scoreLoop
    338  f273
    339  f273		       85 02		      sta	WSYNC
    340  f275		       a9 00		      lda	#0
    341  f277		       85 06		      sta	COLUP0
    342  f279		       85 07		      sta	COLUP1
    343  f27b		       85 25		      sta	VDELP0
    344  f27d		       85 26		      sta	VDELP1
    345  f27f		       85 1b		      sta	GRP0
    346  f281		       85 1c		      sta	GRP1
    347  f283		       85 1b		      sta	GRP0
    348  f285		       85 04		      sta	NUSIZ0
    349  f287		       85 05		      sta	NUSIZ1
    350  f289
    351  f289							; ===================
    352  f289							; Transition to play area
    353  f289							; ===================
    354  f289							; 1. Position player 0 inline
    355  f289		       a5 82		      lda	p0x
    356  f28b		       a2 00		      ldx	#0
    357  f28d		       85 02		      sta	WSYNC
    358  f28f		       38		      sec
    359  f290				   .divLoop
    360  f290		       e9 0f		      sbc	#15
    361  f292		       b0 fc		      bcs	.divLoop
    362  f294		       49 07		      eor	#7
    363  f296		       0a		      asl
    364  f297		       0a		      asl
    365  f298		       0a		      asl
    366  f299		       0a		      asl
    367  f29a		       95 20		      sta	HMP0,x
    368  f29c		       95 10		      sta	RESP0,x
    369  f29e							; FIX: End the scanline here so P0 math never overflows into P1 math!
    370  f29e		       85 02		      sta	WSYNC
    371  f2a0
    372  f2a0							; 2. Position Player 1 (Monster) inline
    373  f2a0		       a5 84		      lda	p1x
    374  f2a2		       a2 01		      ldx	#1
    375  f2a4		       38		      sec
    376  f2a5				   .divLoopM
    377  f2a5		       e9 0f		      sbc	#15
    378  f2a7		       b0 fc		      bcs	.divLoopM
    379  f2a9		       49 07		      eor	#7
    380  f2ab		       0a		      asl
    381  f2ac		       0a		      asl
    382  f2ad		       0a		      asl
    383  f2ae		       0a		      asl
    384  f2af		       95 20		      sta	HMP0,x
    385  f2b1		       95 10		      sta	RESP0,x
    386  f2b3		       85 02		      sta	WSYNC
    387  f2b5
    388  f2b5							; 3. Handle ball settling
    389  f2b5		       a5 a0		      lda	ballneedpos
    390  f2b7		       c9 02		      cmp	#2
    391  f2b9		       d0 07		      bne	.checkSettle
    392  f2bb		       85 14		      sta	RESBL
    393  f2bd		       c6 a0		      dec	ballneedpos
    394  f2bf		       4c c8 f2 	      jmp	.donePos
    395  f2c2
    396  f2c2				   .checkSettle
    397  f2c2		       c9 01		      cmp	#1
    398  f2c4		       d0 02		      bne	.donePos
    399  f2c6		       c6 a0		      dec	ballneedpos
    400  f2c8
    401  f2c8				   .donePos
    402  f2c8		       a5 9e		      lda	ballactive
    403  f2ca		       f0 0b		      beq	.noMotion
    404  f2cc		       a5 a0		      lda	ballneedpos
    405  f2ce		       d0 07		      bne	.noMotion
    406  f2d0		       a9 e0		      lda	#$E0
    407  f2d2		       85 24		      sta	HMBL
    408  f2d4		       4c d7 f2 	      jmp	.motionSet
    409  f2d7
    410  f2d7				   .noMotion
    411  f2d7				   .motionSet
    412  f2d7		       85 02		      sta	WSYNC
    413  f2d9		       85 2a		      sta	HMOVE
    414  f2db		       85 02		      sta	WSYNC
    415  f2dd
    416  f2dd							; Setup Player 0
    417  f2dd		       a9 00		      lda	#0
    418  f2df		       85 1b		      sta	GRP0
    419  f2e1		       85 04		      sta	NUSIZ0
    420  f2e3		       85 99		      sta	p0gfx
    421  f2e5		       a9 0e		      lda	#$0E
    422  f2e7		       85 06		      sta	COLUP0
    423  f2e9
    424  f2e9							; Setup Player 1 (Monster)
    425  f2e9		       a9 07		      lda	#$07
    426  f2eb		       85 05		      sta	NUSIZ1
    427  f2ed		       a9 c4		      lda	#$C4
    428  f2ef		       85 07		      sta	COLUP1
    429  f2f1
    430  f2f1							; Ball Setup
    431  f2f1		       a9 36		      lda	#$36
    432  f2f3		       85 08		      sta	COLUPF
    433  f2f5		       a9 24		      lda	#%00100100
    434  f2f7		       85 0a		      sta	CTRLPF
    435  f2f9
    436  f2f9							; --- Ball Pre-calculation ---
    437  f2f9		       a5 9e		      lda	ballactive
    438  f2fb		       f0 0b		      beq	.disableBall
    439  f2fd		       a5 a0		      lda	ballneedpos
    440  f2ff		       d0 07		      bne	.disableBall
    441  f301		       a5 9c		      lda	bally
    442  f303		       85 9d		      sta	temp_bally
    443  f305		       4c 10 f3 	      jmp	.ballSetupDone
    444  f308				   .disableBall
    445  f308		       a9 c8		      lda	#200
    446  f30a		       85 9d		      sta	temp_bally
    447  f30c		       a9 00		      lda	#0
    448  f30e		       85 1f		      sta	ENABL
    449  f310
    450  f310				   .ballSetupDone
    451  f310		       85 02		      sta	WSYNC
    452  f312
    453  f312							; ===================
    454  f312							; Play Area
    455  f312							; ===================
    456  f312		       a2 9f		      ldx	#PLAY_HEIGHT
    457  f314				   .playArea
    458  f314		       a5 99		      lda	p0gfx
    459  f316		       85 1b		      sta	GRP0
    460  f318
    461  f318							; --- Monster Drawing ---
    462  f318		       bd 00 f6 	      lda	MonsterGfx,x
    463  f31b		       85 1c		      sta	GRP1
    464  f31d
    465  f31d							; --- Ball drawing ---
    466  f31d		       8a		      txa
    467  f31e		       38		      sec
    468  f31f		       e5 9d		      sbc	temp_bally
    469  f321		       c9 04		      cmp	#BALL_HEIGHT
    470  f323		       b0 04		      bcs	.hideBall
    471  f325		       a9 02		      lda	#2
    472  f327		       d0 02		      bne	.storeBall
    473  f329				   .hideBall
    474  f329		       a9 00		      lda	#0
    475  f32b				   .storeBall
    476  f32b		       85 1f		      sta	ENABL
    477  f32d
    478  f32d							; --- Player sprite drawing ---
    479  f32d		       e4 83		      cpx	p0y
    480  f32f		       d0 04		      bne	.skipTrig
    481  f331		       a9 06		      lda	#BIKE_HEIGHT
    482  f333		       85 9b		      sta	p0ycounter
    483  f335				   .skipTrig
    484  f335		       a9 00		      lda	#0
    485  f337		       a4 9b		      ldy	p0ycounter
    486  f339		       30 04		      bmi	.storeP0
    487  f33b		       b1 97		      lda	(sprite0gfx),y
    488  f33d		       c6 9b		      dec	p0ycounter
    489  f33f				   .storeP0
    490  f33f		       85 99		      sta	p0gfx
    491  f341
    492  f341		       ca		      dex
    493  f342		       85 02		      sta	WSYNC
    494  f344		       d0 ce		      bne	.playArea
    495  f346
    496  f346							; ===================
    497  f346							; Padding to hit exactly 192 scanlines
    498  f346							; ===================
    499  f346		       a2 06		      ldx	#6
    500  f348				   .padLoop
    501  f348		       85 02		      sta	WSYNC
    502  f34a		       ca		      dex
    503  f34b		       d0 fb		      bne	.padLoop
    504  f34d
    505  f34d							;------------------------------------------------
    506  f34d							; Overscan
    507  f34d							;------------------------------------------------
    508  f34d		       a9 42		      lda	#%01000010
    509  f34f		       85 02		      sta	WSYNC
    510  f351		       85 01		      sta	VBLANK
    511  f353		       a9 24		      lda	#36
    512  f355		       8d 96 02 	      sta	TIM64T
    513  f358
    514  f358		       a9 00		      lda	#0
    515  f35a		       85 1b		      sta	GRP0
    516  f35c		       85 1c		      sta	GRP1
    517  f35e		       85 1f		      sta	ENABL
    518  f360
    519  f360							; ===================
    520  f360							; Collision Detection 
    521  f360							; ===================
    522  f360							; Ball-to-Player0 collision
    523  f360		       a5 02		      lda	CXP0FB
    524  f362		       29 40		      and	#%01000000
    525  f364		       f0 04		      beq	.noCollision
    526  f366
    527  f366		       a9 42		      lda	#$42
    528  f368		       85 80		      sta	bgcolor
    529  f36a
    530  f36a				   .noCollision
    531  f36a
    532  f36a				   .waitForOverscan
    533  f36a		       ad 84 02 	      lda	INTIM
    534  f36d		       d0 fb		      bne	.waitForOverscan
    535  f36f
    536  f36f		       4c 4e f0 	      jmp	MainLoop
    537  f372
    538  f372							;------------------------------------------------
    539  f372							; Subroutines
    540  f372							;------------------------------------------------
    541  f372				   AddScore
    542  f372		       f8		      sed
    543  f373		       18		      clc
    544  f374		       65 87		      adc	score+1
    545  f376		       85 87		      sta	score+1
    546  f378		       8a		      txa
    547  f379		       65 86		      adc	score
    548  f37b		       85 86		      sta	score
    549  f37d		       d8		      cld
    550  f37e		       60		      rts
    551  f37f
    552  f37f				   LoadScorePointers
    553  f37f		       a5 87		      lda	score+1
    554  f381		       29 0f		      and	#$0F
    555  f383		       aa		      tax
    556  f384		       bd b0 f3 	      lda	scoretableIndex,x
    557  f387		       85 8e		      sta	scorepointers+6
    558  f389
    559  f389		       a5 87		      lda	score+1
    560  f38b		       29 f0		      and	#$F0
    561  f38d		       4a		      lsr
    562  f38e		       4a		      lsr
    563  f38f		       4a		      lsr
    564  f390		       4a		      lsr
    565  f391		       aa		      tax
    566  f392		       bd b0 f3 	      lda	scoretableIndex,x
    567  f395		       85 8c		      sta	scorepointers+4
    568  f397
    569  f397		       a5 86		      lda	score
    570  f399		       29 0f		      and	#$0F
    571  f39b		       aa		      tax
    572  f39c		       bd b0 f3 	      lda	scoretableIndex,x
    573  f39f		       85 8a		      sta	scorepointers+2
    574  f3a1
    575  f3a1		       a5 86		      lda	score
    576  f3a3		       29 f0		      and	#$F0
    577  f3a5		       4a		      lsr
    578  f3a6		       4a		      lsr
    579  f3a7		       4a		      lsr
    580  f3a8		       4a		      lsr
    581  f3a9		       aa		      tax
    582  f3aa		       bd b0 f3 	      lda	scoretableIndex,x
    583  f3ad		       85 88		      sta	scorepointers
    584  f3af
    585  f3af		       60		      rts
    586  f3b0
    587  f3b0							;------------------------------------------------
    588  f3b0							; ROM Tables
    589  f3b0							;------------------------------------------------
    590  f3b0				   scoretableIndex
    591  f3b0		       00 08 10 18*	      .byte.b	<zero,<one,<two,<three,<four,<five,<six,<seven,<eight,<nine
    592  f3ba
    593  f400		       00 00 00 00*	      align	256
    594  f400				   scoretable
    595  f400				   zero
    596  f400		       3c		      .byte.b	%00111100
    597  f401		       66		      .byte.b	%01100110
    598  f402		       66		      .byte.b	%01100110
    599  f403		       66		      .byte.b	%01100110
    600  f404		       66		      .byte.b	%01100110
    601  f405		       66		      .byte.b	%01100110
    602  f406		       66		      .byte.b	%01100110
    603  f407		       3c		      .byte.b	%00111100
    604  f408				   one
    605  f408		       3c		      .byte.b	%00111100
    606  f409		       18		      .byte.b	%00011000
    607  f40a		       18		      .byte.b	%00011000
    608  f40b		       18		      .byte.b	%00011000
    609  f40c		       18		      .byte.b	%00011000
    610  f40d		       18		      .byte.b	%00011000
    611  f40e		       38		      .byte.b	%00111000
    612  f40f		       18		      .byte.b	%00011000
    613  f410				   two
    614  f410		       7e		      .byte.b	%01111110
    615  f411		       60		      .byte.b	%01100000
    616  f412		       60		      .byte.b	%01100000
    617  f413		       3c		      .byte.b	%00111100
    618  f414		       06		      .byte.b	%00000110
    619  f415		       06		      .byte.b	%00000110
    620  f416		       46		      .byte.b	%01000110
    621  f417		       3c		      .byte.b	%00111100
    622  f418				   three
    623  f418		       3c		      .byte.b	%00111100
    624  f419		       46		      .byte.b	%01000110
    625  f41a		       06		      .byte.b	%00000110
    626  f41b		       0c		      .byte.b	%00001100
    627  f41c		       0c		      .byte.b	%00001100
    628  f41d		       06		      .byte.b	%00000110
    629  f41e		       46		      .byte.b	%01000110
    630  f41f		       3c		      .byte.b	%00111100
    631  f420				   four
    632  f420		       0c		      .byte.b	%00001100
    633  f421		       0c		      .byte.b	%00001100
    634  f422		       0c		      .byte.b	%00001100
    635  f423		       7e		      .byte.b	%01111110
    636  f424		       4c		      .byte.b	%01001100
    637  f425		       2c		      .byte.b	%00101100
    638  f426		       1c		      .byte.b	%00011100
    639  f427		       0c		      .byte.b	%00001100
    640  f428				   five
    641  f428		       7c		      .byte.b	%01111100
    642  f429		       46		      .byte.b	%01000110
    643  f42a		       06		      .byte.b	%00000110
    644  f42b		       06		      .byte.b	%00000110
    645  f42c		       7c		      .byte.b	%01111100
    646  f42d		       60		      .byte.b	%01100000
    647  f42e		       60		      .byte.b	%01100000
    648  f42f		       7e		      .byte.b	%01111110
    649  f430				   six
    650  f430		       3c		      .byte.b	%00111100
    651  f431		       66		      .byte.b	%01100110
    652  f432		       66		      .byte.b	%01100110
    653  f433		       66		      .byte.b	%01100110
    654  f434		       7c		      .byte.b	%01111100
    655  f435		       60		      .byte.b	%01100000
    656  f436		       62		      .byte.b	%01100010
    657  f437		       3c		      .byte.b	%00111100
    658  f438				   seven
    659  f438		       18		      .byte.b	%00011000
    660  f439		       18		      .byte.b	%00011000
    661  f43a		       18		      .byte.b	%00011000
    662  f43b		       18		      .byte.b	%00011000
    663  f43c		       0c		      .byte.b	%00001100
    664  f43d		       06		      .byte.b	%00000110
    665  f43e		       42		      .byte.b	%01000010
    666  f43f		       7e		      .byte.b	%01111110
    667  f440				   eight
    668  f440		       3c		      .byte.b	%00111100
    669  f441		       66		      .byte.b	%01100110
    670  f442		       66		      .byte.b	%01100110
    671  f443		       3c		      .byte.b	%00111100
    672  f444		       3c		      .byte.b	%00111100
    673  f445		       66		      .byte.b	%01100110
    674  f446		       66		      .byte.b	%01100110
    675  f447		       3c		      .byte.b	%00111100
    676  f448				   nine
    677  f448		       3c		      .byte.b	%00111100
    678  f449		       46		      .byte.b	%01000110
    679  f44a		       06		      .byte.b	%00000110
    680  f44b		       3e		      .byte.b	%00111110
    681  f44c		       66		      .byte.b	%01100110
    682  f44d		       66		      .byte.b	%01100110
    683  f44e		       66		      .byte.b	%01100110
    684  f44f		       3c		      .byte.b	%00111100
    685  f450				   blank
    686  f450		       00		      .byte.b	%00000000
    687  f451		       00		      .byte.b	%00000000
    688  f452		       00		      .byte.b	%00000000
    689  f453		       00		      .byte.b	%00000000
    690  f454		       00		      .byte.b	%00000000
    691  f455		       00		      .byte.b	%00000000
    692  f456		       00		      .byte.b	%00000000
    693  f457		       00		      .byte.b	%00000000
    694  f458
    695  f500		       00 00 00 00*	      align	256
    696  f500				   PlayerGfx
    697  f500		       00		      .byte.b	%00000000
    698  f501		       66		      .byte.b	%01100110
    699  f502		       ff		      .byte.b	%11111111
    700  f503		       7e		      .byte.b	%01111110
    701  f504		       3c		      .byte.b	%00111100
    702  f505		       3e		      .byte.b	%00111110
    703  f506		       18		      .byte.b	%00011000
    704  f507		       00		      .byte.b	%00000000
    705  f508
    706  f600		       00 00 00 00*	      align	256
    707  f600				   MonsterGfx
    708  f600		       ff ff ff ff	      .byte.b	%11111111, %11111111, %11111111, %11111111
    709  f604		       fe fe fe fe	      .byte.b	%11111110, %11111110, %11111110, %11111110
    710  f608		       fc fc fc fc	      .byte.b	%11111100, %11111100, %11111100, %11111100
    711  f60c		       f8 f8 f8 f8	      .byte.b	%11111000, %11111000, %11111000, %11111000
    712  f610		       f0 f0 f0 f0	      .byte.b	%11110000, %11110000, %11110000, %11110000
    713  f614		       f8 f8 f8 f8	      .byte.b	%11111000, %11111000, %11111000, %11111000
    714  f618		       fc fc fc fc	      .byte.b	%11111100, %11111100, %11111100, %11111100
    715  f61c		       fe fe fe fe	      .byte.b	%11111110, %11111110, %11111110, %11111110
    716  f620
    717  f620		       ff ff ff ff	      .byte.b	%11111111, %11111111, %11111111, %11111111
    718  f624		       fe fe fe fe	      .byte.b	%11111110, %11111110, %11111110, %11111110
    719  f628		       fc fc fc fc	      .byte.b	%11111100, %11111100, %11111100, %11111100
    720  f62c		       f8 f8 f8 f8	      .byte.b	%11111000, %11111000, %11111000, %11111000
    721  f630		       f0 f0 f0 f0	      .byte.b	%11110000, %11110000, %11110000, %11110000
    722  f634		       f8 f8 f8 f8	      .byte.b	%11111000, %11111000, %11111000, %11111000
    723  f638		       fc fc fc fc	      .byte.b	%11111100, %11111100, %11111100, %11111100
    724  f63c		       fe fe fe fe	      .byte.b	%11111110, %11111110, %11111110, %11111110
    725  f640
    726  f640		       ff ff ff ff	      .byte.b	%11111111, %11111111, %11111111, %11111111
    727  f644		       fe fe fe fe	      .byte.b	%11111110, %11111110, %11111110, %11111110
    728  f648		       fc fc fc fc	      .byte.b	%11111100, %11111100, %11111100, %11111100
    729  f64c		       f8 f8 f8 f8	      .byte.b	%11111000, %11111000, %11111000, %11111000
    730  f650		       f0 f0 f0 f0	      .byte.b	%11110000, %11110000, %11110000, %11110000
    731  f654		       f8 f8 f8 f8	      .byte.b	%11111000, %11111000, %11111000, %11111000
    732  f658		       fc fc fc fc	      .byte.b	%11111100, %11111100, %11111100, %11111100
    733  f65c		       fe fe fe fe	      .byte.b	%11111110, %11111110, %11111110, %11111110
    734  f660
    735  f660		       ff ff ff ff	      .byte.b	%11111111, %11111111, %11111111, %11111111
    736  f664		       fe fe fe fe	      .byte.b	%11111110, %11111110, %11111110, %11111110
    737  f668		       fc fc fc fc	      .byte.b	%11111100, %11111100, %11111100, %11111100
    738  f66c		       f8 f8 f8 f8	      .byte.b	%11111000, %11111000, %11111000, %11111000
    739  f670		       f0 f0 f0 f0	      .byte.b	%11110000, %11110000, %11110000, %11110000
    740  f674		       f8 f8 f8 f8	      .byte.b	%11111000, %11111000, %11111000, %11111000
    741  f678		       fc fc fc fc	      .byte.b	%11111100, %11111100, %11111100, %11111100
    742  f67c		       fe fe fe fe	      .byte.b	%11111110, %11111110, %11111110, %11111110
    743  f680
    744  f680		       ff ff ff ff	      .byte.b	%11111111, %11111111, %11111111, %11111111
    745  f684		       fe fe fe fe	      .byte.b	%11111110, %11111110, %11111110, %11111110
    746  f688		       fc fc fc fc	      .byte.b	%11111100, %11111100, %11111100, %11111100
    747  f68c		       f8 f8 f8 f8	      .byte.b	%11111000, %11111000, %11111000, %11111000
    748  f690		       f0 f0 f0 f0	      .byte.b	%11110000, %11110000, %11110000, %11110000
    749  f694		       f8 f8 f8 f8	      .byte.b	%11111000, %11111000, %11111000, %11111000
    750  f698		       fc fc fc fc	      .byte.b	%11111100, %11111100, %11111100, %11111100
    751  f69c		       fe fe fe fe	      .byte.b	%11111110, %11111110, %11111110, %11111110
    752  f6a0
    753  f6a0							;------------------------------------------------
    754  f6a0							; Interrupt Vectors
    755  f6a0							;------------------------------------------------
 1696  ROM bytes used
    756  f6a0					      echo	[*-$F000]d, " ROM bytes used"
    757  fffa					      ORG	$FFFA
    758  fffa		       00 f0		      .word.w	Start
    759  fffc		       00 f0		      .word.w	Start
    760  fffe		       00 f0		      .word.w	Start
    761  10000
    762  10000					       END
